start: 1
[0, 1, 0, 0, 0, 0, 0, 0] solve(2,1)
start: 2
[0, 1, 1, 0, 0, 0, 0, 0] solve(3,3)
start: 3
[0, 1, 1, 1, 0, 0, 0, 0] solve(4,6)
start: 4
[0, 1, 1, 1, 1, 0, 0, 0] solve(5,10)
start: 5
[0, 1, 1, 1, 1, 1, 0, 0] solve(6,15)
[0, 1, 1, 1, 1, 0, 0, 0]
i: 5
[0, 1, 1, 1, 1, 0, 1, 0] solve(7,16)
[0, 1, 1, 1, 1, 0, 0, 0]
i: 6
[0, 1, 1, 1, 1, 0, 0, 1] solve(8,17)
[0, 1, 1, 1, 1, 0, 0, 0]
i: 7
end: 5
[0, 1, 1, 1, 0, 0, 0, 0]
i: 4
[0, 1, 1, 1, 0, 1, 0, 0] solve(6,11)
start: 6
[0, 1, 1, 1, 0, 1, 1, 0] solve(7,17)
[0, 1, 1, 1, 0, 1, 0, 0]
i: 6
[0, 1, 1, 1, 0, 1, 0, 1] solve(8,18)
[0, 1, 1, 1, 0, 1, 0, 0]
i: 7
end: 6
[0, 1, 1, 1, 0, 0, 0, 0]
i: 5
[0, 1, 1, 1, 0, 0, 1, 0] solve(7,12)
start: 7
[0, 1, 1, 1, 0, 0, 1, 1] solve(8,19)
[0, 1, 1, 1, 0, 0, 1, 0]
i: 7
end: 7
[0, 1, 1, 1, 0, 0, 0, 0]
i: 6
[0, 1, 1, 1, 0, 0, 0, 1] solve(8,13)
start: 8
end: 8
[0, 1, 1, 1, 0, 0, 0, 0]
i: 7
end: 4
[0, 1, 1, 0, 0, 0, 0, 0]
i: 3
[0, 1, 1, 0, 1, 0, 0, 0] solve(5,7)
start: 5
[0, 1, 1, 0, 1, 1, 0, 0] solve(6,12)
start: 6
[0, 1, 1, 0, 1, 1, 1, 0] solve(7,18)
[0, 1, 1, 0, 1, 1, 0, 0]
i: 6
[0, 1, 1, 0, 1, 1, 0, 1] solve(8,19)
[0, 1, 1, 0, 1, 1, 0, 0]
i: 7
end: 6
[0, 1, 1, 0, 1, 0, 0, 0]
i: 5
[0, 1, 1, 0, 1, 0, 1, 0] solve(7,13)
start: 7
[0, 1, 1, 0, 1, 0, 1, 1] solve(8,20)
[0, 1, 1, 0, 1, 0, 1, 0]
i: 7
end: 7
[0, 1, 1, 0, 1, 0, 0, 0]
i: 6
[0, 1, 1, 0, 1, 0, 0, 1] solve(8,14)
[0, 1, 1, 0, 1, 0, 0, 0]
i: 7
end: 5
[0, 1, 1, 0, 0, 0, 0, 0]
i: 4
[0, 1, 1, 0, 0, 1, 0, 0] solve(6,8)
start: 6
[0, 1, 1, 0, 0, 1, 1, 0] solve(7,14)
[0, 1, 1, 0, 0, 1, 0, 0]
i: 6
[0, 1, 1, 0, 0, 1, 0, 1] solve(8,15)
[0, 1, 1, 0, 0, 1, 0, 0]
i: 7
end: 6
[0, 1, 1, 0, 0, 0, 0, 0]
i: 5
[0, 1, 1, 0, 0, 0, 1, 0] solve(7,9)
start: 7
[0, 1, 1, 0, 0, 0, 1, 1] solve(8,16)
[0, 1, 1, 0, 0, 0, 1, 0]
i: 7
end: 7
[0, 1, 1, 0, 0, 0, 0, 0]
i: 6
[0, 1, 1, 0, 0, 0, 0, 1] solve(8,10)
start: 8
end: 8
[0, 1, 1, 0, 0, 0, 0, 0]
i: 7
end: 3
[0, 1, 0, 0, 0, 0, 0, 0]
i: 2
[0, 1, 0, 1, 0, 0, 0, 0] solve(4,4)
start: 4
[0, 1, 0, 1, 1, 0, 0, 0] solve(5,8)
start: 5
[0, 1, 0, 1, 1, 1, 0, 0] solve(6,13)
start: 6
[0, 1, 0, 1, 1, 1, 1, 0] solve(7,19)
[0, 1, 0, 1, 1, 1, 0, 0]
i: 6
[0, 1, 0, 1, 1, 1, 0, 1] solve(8,20)
[0, 1, 0, 1, 1, 1, 0, 0]
i: 7
end: 6
[0, 1, 0, 1, 1, 0, 0, 0]
i: 5
[0, 1, 0, 1, 1, 0, 1, 0] solve(7,14)
[0, 1, 0, 1, 1, 0, 0, 0]
i: 6
[0, 1, 0, 1, 1, 0, 0, 1] solve(8,15)
[0, 1, 0, 1, 1, 0, 0, 0]
i: 7
end: 5
[0, 1, 0, 1, 0, 0, 0, 0]
i: 4
[0, 1, 0, 1, 0, 1, 0, 0] solve(6,9)
start: 6
[0, 1, 0, 1, 0, 1, 1, 0] solve(7,15)
[0, 1, 0, 1, 0, 1, 0, 0]
i: 6
[0, 1, 0, 1, 0, 1, 0, 1] solve(8,16)
[0, 1, 0, 1, 0, 1, 0, 0]
i: 7
end: 6
[0, 1, 0, 1, 0, 0, 0, 0]
i: 5
[0, 1, 0, 1, 0, 0, 1, 0] solve(7,10)
start: 7
[0, 1, 0, 1, 0, 0, 1, 1] solve(8,17)
[0, 1, 0, 1, 0, 0, 1, 0]
i: 7
end: 7
[0, 1, 0, 1, 0, 0, 0, 0]
i: 6
[0, 1, 0, 1, 0, 0, 0, 1] solve(8,11)
start: 8
end: 8
[0, 1, 0, 1, 0, 0, 0, 0]
i: 7
end: 4
[0, 1, 0, 0, 0, 0, 0, 0]
i: 3
[0, 1, 0, 0, 1, 0, 0, 0] solve(5,5)
start: 5
[0, 1, 0, 0, 1, 1, 0, 0] solve(6,10)
start: 6
[0, 1, 0, 0, 1, 1, 1, 0] solve(7,16)
[0, 1, 0, 0, 1, 1, 0, 0]
i: 6
[0, 1, 0, 0, 1, 1, 0, 1] solve(8,17)
[0, 1, 0, 0, 1, 1, 0, 0]
i: 7
end: 6
[0, 1, 0, 0, 1, 0, 0, 0]
i: 5
[0, 1, 0, 0, 1, 0, 1, 0] solve(7,11)
start: 7
[0, 1, 0, 0, 1, 0, 1, 1] solve(8,18)
[0, 1, 0, 0, 1, 0, 1, 0]
i: 7
end: 7
[0, 1, 0, 0, 1, 0, 0, 0]
i: 6
[0, 1, 0, 0, 1, 0, 0, 1] solve(8,12)
start: 8
end: 8
[0, 1, 0, 0, 1, 0, 0, 0]
i: 7
end: 5
[0, 1, 0, 0, 0, 0, 0, 0]
i: 4
[0, 1, 0, 0, 0, 1, 0, 0] solve(6,6)
start: 6
[0, 1, 0, 0, 0, 1, 1, 0] solve(7,12)
start: 7
[0, 1, 0, 0, 0, 1, 1, 1] solve(8,19)
[0, 1, 0, 0, 0, 1, 1, 0]
i: 7
end: 7
[0, 1, 0, 0, 0, 1, 0, 0]
i: 6
[0, 1, 0, 0, 0, 1, 0, 1] solve(8,13)
start: 8
end: 8
[0, 1, 0, 0, 0, 1, 0, 0]
i: 7
end: 6
[0, 1, 0, 0, 0, 0, 0, 0]
i: 5
[0, 1, 0, 0, 0, 0, 1, 0] solve(7,7)
start: 7
[0, 1, 0, 0, 0, 0, 1, 1] solve(8,14)
[0, 1, 0, 0, 0, 0, 1, 0]
i: 7
end: 7
[0, 1, 0, 0, 0, 0, 0, 0]
i: 6
[0, 1, 0, 0, 0, 0, 0, 1] solve(8,8)
start: 8
end: 8
[0, 1, 0, 0, 0, 0, 0, 0]
i: 7
end: 2
[0, 0, 0, 0, 0, 0, 0, 0]
i: 1
[0, 0, 1, 0, 0, 0, 0, 0] solve(3,2)
start: 3
[0, 0, 1, 1, 0, 0, 0, 0] solve(4,5)
start: 4
[0, 0, 1, 1, 1, 0, 0, 0] solve(5,9)
start: 5
[0, 0, 1, 1, 1, 1, 0, 0] solve(6,14)
[0, 0, 1, 1, 1, 0, 0, 0]
i: 5
[0, 0, 1, 1, 1, 0, 1, 0] solve(7,15)
[0, 0, 1, 1, 1, 0, 0, 0]
i: 6
[0, 0, 1, 1, 1, 0, 0, 1] solve(8,16)
[0, 0, 1, 1, 1, 0, 0, 0]
i: 7
end: 5
[0, 0, 1, 1, 0, 0, 0, 0]
i: 4
[0, 0, 1, 1, 0, 1, 0, 0] solve(6,10)
start: 6
[0, 0, 1, 1, 0, 1, 1, 0] solve(7,16)
[0, 0, 1, 1, 0, 1, 0, 0]
i: 6
[0, 0, 1, 1, 0, 1, 0, 1] solve(8,17)
[0, 0, 1, 1, 0, 1, 0, 0]
i: 7
end: 6
[0, 0, 1, 1, 0, 0, 0, 0]
i: 5
[0, 0, 1, 1, 0, 0, 1, 0] solve(7,11)
start: 7
[0, 0, 1, 1, 0, 0, 1, 1] solve(8,18)
[0, 0, 1, 1, 0, 0, 1, 0]
i: 7
end: 7
[0, 0, 1, 1, 0, 0, 0, 0]
i: 6
[0, 0, 1, 1, 0, 0, 0, 1] solve(8,12)
start: 8
end: 8
[0, 0, 1, 1, 0, 0, 0, 0]
i: 7
end: 4
[0, 0, 1, 0, 0, 0, 0, 0]
i: 3
[0, 0, 1, 0, 1, 0, 0, 0] solve(5,6)
start: 5
[0, 0, 1, 0, 1, 1, 0, 0] solve(6,11)
start: 6
[0, 0, 1, 0, 1, 1, 1, 0] solve(7,17)
[0, 0, 1, 0, 1, 1, 0, 0]
i: 6
[0, 0, 1, 0, 1, 1, 0, 1] solve(8,18)
[0, 0, 1, 0, 1, 1, 0, 0]
i: 7
end: 6
[0, 0, 1, 0, 1, 0, 0, 0]
i: 5
[0, 0, 1, 0, 1, 0, 1, 0] solve(7,12)
start: 7
[0, 0, 1, 0, 1, 0, 1, 1] solve(8,19)
[0, 0, 1, 0, 1, 0, 1, 0]
i: 7
end: 7
[0, 0, 1, 0, 1, 0, 0, 0]
i: 6
[0, 0, 1, 0, 1, 0, 0, 1] solve(8,13)
start: 8
end: 8
[0, 0, 1, 0, 1, 0, 0, 0]
i: 7
end: 5
[0, 0, 1, 0, 0, 0, 0, 0]
i: 4
[0, 0, 1, 0, 0, 1, 0, 0] solve(6,7)
start: 6
[0, 0, 1, 0, 0, 1, 1, 0] solve(7,13)
start: 7
[0, 0, 1, 0, 0, 1, 1, 1] solve(8,20)
[0, 0, 1, 0, 0, 1, 1, 0]
i: 7
end: 7
[0, 0, 1, 0, 0, 1, 0, 0]
i: 6
[0, 0, 1, 0, 0, 1, 0, 1] solve(8,14)
[0, 0, 1, 0, 0, 1, 0, 0]
i: 7
end: 6
[0, 0, 1, 0, 0, 0, 0, 0]
i: 5
[0, 0, 1, 0, 0, 0, 1, 0] solve(7,8)
start: 7
[0, 0, 1, 0, 0, 0, 1, 1] solve(8,15)
[0, 0, 1, 0, 0, 0, 1, 0]
i: 7
end: 7
[0, 0, 1, 0, 0, 0, 0, 0]
i: 6
[0, 0, 1, 0, 0, 0, 0, 1] solve(8,9)
start: 8
end: 8
[0, 0, 1, 0, 0, 0, 0, 0]
i: 7
end: 3
[0, 0, 0, 0, 0, 0, 0, 0]
i: 2
[0, 0, 0, 1, 0, 0, 0, 0] solve(4,3)
start: 4
[0, 0, 0, 1, 1, 0, 0, 0] solve(5,7)
start: 5
[0, 0, 0, 1, 1, 1, 0, 0] solve(6,12)
start: 6
[0, 0, 0, 1, 1, 1, 1, 0] solve(7,18)
[0, 0, 0, 1, 1, 1, 0, 0]
i: 6
[0, 0, 0, 1, 1, 1, 0, 1] solve(8,19)
[0, 0, 0, 1, 1, 1, 0, 0]
i: 7
end: 6
[0, 0, 0, 1, 1, 0, 0, 0]
i: 5
[0, 0, 0, 1, 1, 0, 1, 0] solve(7,13)
start: 7
[0, 0, 0, 1, 1, 0, 1, 1] solve(8,20)
[0, 0, 0, 1, 1, 0, 1, 0]
i: 7
end: 7
[0, 0, 0, 1, 1, 0, 0, 0]
i: 6
[0, 0, 0, 1, 1, 0, 0, 1] solve(8,14)
[0, 0, 0, 1, 1, 0, 0, 0]
i: 7
end: 5
[0, 0, 0, 1, 0, 0, 0, 0]
i: 4
[0, 0, 0, 1, 0, 1, 0, 0] solve(6,8)
start: 6
[0, 0, 0, 1, 0, 1, 1, 0] solve(7,14)
[0, 0, 0, 1, 0, 1, 0, 0]
i: 6
[0, 0, 0, 1, 0, 1, 0, 1] solve(8,15)
[0, 0, 0, 1, 0, 1, 0, 0]
i: 7
end: 6
[0, 0, 0, 1, 0, 0, 0, 0]
i: 5
[0, 0, 0, 1, 0, 0, 1, 0] solve(7,9)
start: 7
[0, 0, 0, 1, 0, 0, 1, 1] solve(8,16)
[0, 0, 0, 1, 0, 0, 1, 0]
i: 7
end: 7
[0, 0, 0, 1, 0, 0, 0, 0]
i: 6
[0, 0, 0, 1, 0, 0, 0, 1] solve(8,10)
start: 8
end: 8
[0, 0, 0, 1, 0, 0, 0, 0]
i: 7
end: 4
[0, 0, 0, 0, 0, 0, 0, 0]
i: 3
[0, 0, 0, 0, 1, 0, 0, 0] solve(5,4)
start: 5
[0, 0, 0, 0, 1, 1, 0, 0] solve(6,9)
start: 6
[0, 0, 0, 0, 1, 1, 1, 0] solve(7,15)
[0, 0, 0, 0, 1, 1, 0, 0]
i: 6
[0, 0, 0, 0, 1, 1, 0, 1] solve(8,16)
[0, 0, 0, 0, 1, 1, 0, 0]
i: 7
end: 6
[0, 0, 0, 0, 1, 0, 0, 0]
i: 5
[0, 0, 0, 0, 1, 0, 1, 0] solve(7,10)
start: 7
[0, 0, 0, 0, 1, 0, 1, 1] solve(8,17)
[0, 0, 0, 0, 1, 0, 1, 0]
i: 7
end: 7
[0, 0, 0, 0, 1, 0, 0, 0]
i: 6
[0, 0, 0, 0, 1, 0, 0, 1] solve(8,11)
start: 8
end: 8
[0, 0, 0, 0, 1, 0, 0, 0]
i: 7
end: 5
[0, 0, 0, 0, 0, 0, 0, 0]
i: 4
[0, 0, 0, 0, 0, 1, 0, 0] solve(6,5)
start: 6
[0, 0, 0, 0, 0, 1, 1, 0] solve(7,11)
start: 7
[0, 0, 0, 0, 0, 1, 1, 1] solve(8,18)
[0, 0, 0, 0, 0, 1, 1, 0]
i: 7
end: 7
[0, 0, 0, 0, 0, 1, 0, 0]
i: 6
[0, 0, 0, 0, 0, 1, 0, 1] solve(8,12)
start: 8
end: 8
[0, 0, 0, 0, 0, 1, 0, 0]
i: 7
end: 6
[0, 0, 0, 0, 0, 0, 0, 0]
i: 5
[0, 0, 0, 0, 0, 0, 1, 0] solve(7,6)
start: 7
[0, 0, 0, 0, 0, 0, 1, 1] solve(8,13)
start: 8
end: 8
[0, 0, 0, 0, 0, 0, 1, 0]
i: 7
end: 7
[0, 0, 0, 0, 0, 0, 0, 0]
i: 6
[0, 0, 0, 0, 0, 0, 0, 1] solve(8,7)
start: 8
end: 8
[0, 0, 0, 0, 0, 0, 0, 0]
i: 7
end: 1
4
